2020-03-20 03:17:19
2020-03-20 03:17:40
<http.client.HTTPResponse object at 0x7f9cd538ecf8>2020-03-20 03:17:41
<http.client.HTTPResponse object at 0x7f9cd53a31d0>2020-03-20 03:17:41
<http.client.HTTPResponse object at 0x7f9cd53a3160>2020-03-20 03:17:41
<http.client.HTTPResponse object at 0x7f9cd538eb70>2020-03-20 03:18:40
<?xml version="1.0" encoding="gb2312"?>
<property>
<returncode>200</returncode>
<key>baidu.com</key>
<original>211 : Domain name is not available</original>
</property>
2020-03-20 03:18:40
<?xml version="1.0" encoding="gb2312"?>
<property>
<returncode>200</returncode>
<key>sina.com.cn</key>
<original>211 : Reserved</original>
</property>
2020-03-20 03:18:40
<?xml version="1.0" encoding="gb2312"?>
<property>
<returncode>200</returncode>
<key>yahoo.com</key>
<original>211 : Domain name is not available</original>
</property>
2020-03-20 03:18:41
<?xml version="1.0" encoding="gb2312"?>
<property>
<returncode>200</returncode>
<key>naver.com</key>
<original>211 : Domain name is not available</original>
</property>
2020-03-20 03:21:02
<?xml version="1.0" encoding="gb2312"?>
<property>
<returncode>200</returncode>
<key>baidu.com</key>
<original>211 : Domain name is not available</original>
</property>
2020-03-20 03:21:02
<?xml version="1.0" encoding="gb2312"?>
<property>
<returncode>200</returncode>
<key>sina.com.cn</key>
<original>211 : Reserved</original>
</property>
2020-03-20 03:21:03
<?xml version="1.0" encoding="gb2312"?>
<property>
<returncode>200</returncode>
<key>yahoo.com</key>
<original>211 : Domain name is not available</original>
</property>
2020-03-20 03:21:03
<?xml version="1.0" encoding="gb2312"?>
<property>
<returncode>200</returncode>
<key>naver.com</key>
<original>211 : Domain name is not available</original>
</property>
2020-03-20 03:21:03
<?xml version="1.0" encoding="gb2312"?>
<property>
<returncode>200</returncode>
<key>navers.cn</key>
<original>210 : Domain name is available</original>
</property>
2020-03-20 03:40:59
<?xml version="1.0" encoding="gb2312"?>
<property>
<returncode>200</returncode>
<key>baidu.com</key>
<original>211 : Domain name is not available</original>
</property>
2020-03-20 03:40:59
<?xml version="1.0" encoding="gb2312"?>
<property>
<returncode>200</returncode>
<key>sina.com.cn</key>
<original>211 : Reserved</original>
</property>
2020-03-20 03:40:59
<?xml version="1.0" encoding="gb2312"?>
<property>
<returncode>200</returncode>
<key>yahoo.com</key>
<original>211 : Domain name is not available</original>
</property>
2020-03-20 03:41:00
<?xml version="1.0" encoding="gb2312"?>
<property>
<returncode>200</returncode>
<key>naver.com</key>
<original>211 : Domain name is not available</original>
</property>
2020-03-20 03:41:00
<?xml version="1.0" encoding="gb2312"?>
<property>
<returncode>200</returncode>
<key>navers.cn</key>
<original>210 : Domain name is available</original>
</property>
2020-03-21 02:08:13
<?xml version="1.0" encoding="gb2312"?>
<property>
<returncode>200</returncode>
<key>baidu.com</key>
<original>211 : Domain name is not available</original>
</property>
2020-03-21 02:08:14
<?xml version="1.0" encoding="gb2312"?>
<property>
<returncode>200</returncode>
<key>sina.com.cn</key>
<original>211 : Reserved</original>
</property>
2020-03-21 02:08:14
<?xml version="1.0" encoding="gb2312"?>
<property>
<returncode>200</returncode>
<key>yahoo.com</key>
<original>211 : Domain name is not available</original>
</property>
2020-03-21 02:08:15
<?xml version="1.0" encoding="gb2312"?>
<property>
<returncode>200</returncode>
<key>naver.com</key>
<original>211 : Domain name is not available</original>
</property>
2020-03-21 02:08:15
<?xml version="1.0" encoding="gb2312"?>
<property>
<returncode>200</returncode>
<key>navers.cn</key>
<original>210 : Domain name is available</original>
</property>
2020-03-21 02:09:00
<?xml version="1.0" encoding="gb2312"?>
<property>
<returncode>200</returncode>
<key>baidu.com</key>
<original>211 : Domain name is not available</original>
</property>
2020-03-21 02:09:00
<?xml version="1.0" encoding="gb2312"?>
<property>
<returncode>200</returncode>
<key>sina.com.cn</key>
<original>211 : Reserved</original>
</property>
2020-03-21 02:09:00
<?xml version="1.0" encoding="gb2312"?>
<property>
<returncode>200</returncode>
<key>yahoo.com</key>
<original>211 : Domain name is not available</original>
</property>
2020-03-21 02:09:01
<?xml version="1.0" encoding="gb2312"?>
<property>
<returncode>200</returncode>
<key>naver.com</key>
<original>211 : Domain name is not available</original>
</property>
2020-03-21 02:09:01
<?xml version="1.0" encoding="gb2312"?>
<property>
<returncode>200</returncode>
<key>navers.cn</key>
<original>210 : Domain name is available</original>
</property>
