{
  "domain_name": null,
  "registrar": null,
  "creation_date": null,
  "expiration_date": null,
  "name_servers": null,
  "status": null,
  "emails": null,
  "dnssec": null,
  "name": null
}{
  "domain_name": null,
  "registrar": null,
  "creation_date": null,
  "expiration_date": null,
  "name_servers": null,
  "status": null,
  "emails": null,
  "dnssec": null,
  "name": null
}{
  "domain_name": [
    "CN99.COM",
    "cn99.com"
  ],
  "registrar": "Alibaba Cloud Computing (Beijing) Co., Ltd.",
  "whois_server": "grs-whois.hichina.com",
  "referral_url": null,
  "updated_date": "2019-10-19 02:48:31",
  "creation_date": "1999-11-23 08:08:30",
  "expiration_date": "2020-11-23 08:08:30",
  "name_servers": [
    "NS1.PUBYUN.COM",
    "NS2.PUBYUN.COM"
  ],
  "status": "ok https://icann.org/epp#ok",
  "emails": "DomainAbuse@service.aliyun.com",
  "dnssec": "unsigned",
  "name": null,
  "org": null,
  "address": null,
  "city": null,
  "state": "JiangSu",
  "zipcode": null,
  "country": "CN"
}{
  "domain_name": null,
  "registrar": null,
  "creation_date": null,
  "expiration_date": null,
  "name_servers": null,
  "status": null,
  "emails": null,
  "dnssec": null,
  "name": null
}{
  "domain_name": null,
  "registrar": null,
  "creation_date": null,
  "expiration_date": null,
  "name_servers": null,
  "status": null,
  "emails": null,
  "dnssec": null,
  "name": null
}{
  "domain_name": [
    "CN99.COM",
    "cn99.com"
  ],
  "registrar": "Alibaba Cloud Computing (Beijing) Co., Ltd.",
  "whois_server": "grs-whois.hichina.com",
  "referral_url": null,
  "updated_date": "2019-10-19 02:48:31",
  "creation_date": "1999-11-23 08:08:30",
  "expiration_date": "2020-11-23 08:08:30",
  "name_servers": [
    "NS1.PUBYUN.COM",
    "NS2.PUBYUN.COM"
  ],
  "status": "ok https://icann.org/epp#ok",
  "emails": "DomainAbuse@service.aliyun.com",
  "dnssec": "unsigned",
  "name": null,
  "org": null,
  "address": null,
  "city": null,
  "state": "JiangSu",
  "zipcode": null,
  "country": "CN"
}{
  "domain_name": "TWAREN.NET",
  "registrar": "Network Solutions, LLC",
  "whois_server": "whois.networksolutions.com",
  "referral_url": null,
  "updated_date": [
    "2018-11-23 19:58:07",
    "2018-01-19 04:19:09"
  ],
  "creation_date": "2003-01-03 08:58:27",
  "expiration_date": "2022-01-03 08:58:27",
  "name_servers": [
    "NSHC.TWAREN.NET",
    "NSTT.TWAREN.NET"
  ],
  "status": "clientTransferProhibited https://icann.org/epp#clientTransferProhibited",
  "emails": [
    "abuse@web.com",
    "0303118@narlabs.org.tw",
    "n00hmt00@nchc.narl.org.tw"
  ],
  "dnssec": [
    "signedDelegation",
    "47119"
  ],
  "name": "NATIONAL CENTER FOR, HIGH-PERFORMANCE COMPUTING",
  "org": "NATIONAL CENTER FOR HIGH-PERFORMANCE COMPUTING",
  "address": "No.7 R&D Rd. VI Science Park.",
  "city": "Hsinchu",
  "state": "Taiwan",
  "zipcode": "300",
  "country": "TW"
}{
  "domain_name": null,
  "registrar": null,
  "whois_server": null,
  "referral_url": null,
  "updated_date": null,
  "creation_date": null,
  "expiration_date": null,
  "name_servers": null,
  "status": null,
  "emails": null,
  "dnssec": null,
  "name": null,
  "org": null,
  "address": null,
  "city": null,
  "state": null,
  "zipcode": null,
  "country": null
}{
  "domain_name": "edu.tw",
  "creation_date": null,
  "expiration_date": null,
  "name_servers": null,
  "registrar": null,
  "registrar_url": null,
  "registrant": null,
  "registrant_organization": null,
  "registrant_city": null,
  "registrant_street": null,
  "registrant_state_province": null,
  "registrant_country": null,
  "registrant_phone": null,
  "registrant_fax": null,
  "registrant_email": null,
  "admin": null,
  "admin_email": null,
  "admin_phone": null,
  "admin_fax": null,
  "tech": null,
  "tech_email": null,
  "tech_phone": null,
  "tech_fax": null
}{
  "domain_name": "edu.tw",
  "creation_date": null,
  "expiration_date": null,
  "name_servers": null,
  "registrar": null,
  "registrar_url": null,
  "registrant": null,
  "registrant_organization": null,
  "registrant_city": null,
  "registrant_street": null,
  "registrant_state_province": null,
  "registrant_country": null,
  "registrant_phone": null,
  "registrant_fax": null,
  "registrant_email": null,
  "admin": null,
  "admin_email": null,
  "admin_phone": null,
  "admin_fax": null,
  "tech": null,
  "tech_email": null,
  "tech_phone": null,
  "tech_fax": null
}{
  "domain_name": "edu.tw",
  "creation_date": null,
  "expiration_date": null,
  "name_servers": null,
  "registrar": null,
  "registrar_url": null,
  "registrant": null,
  "registrant_organization": null,
  "registrant_city": null,
  "registrant_street": null,
  "registrant_state_province": null,
  "registrant_country": null,
  "registrant_phone": null,
  "registrant_fax": null,
  "registrant_email": null,
  "admin": null,
  "admin_email": null,
  "admin_phone": null,
  "admin_fax": null,
  "tech": null,
  "tech_email": null,
  "tech_phone": null,
  "tech_fax": null
}2020-03-20 02:48:32
{
  "domain_name": null,
  "registrar": null,
  "creation_date": null,
  "expiration_date": null,
  "name_servers": null,
  "status": null,
  "emails": null,
  "dnssec": null,
  "name": null
}-----------------------------------result_end-----------------------
2020-03-20 02:48:32
{
  "domain_name": null,
  "registrar": null,
  "creation_date": null,
  "expiration_date": null,
  "name_servers": null,
  "status": null,
  "emails": null,
  "dnssec": null,
  "name": null
}-----------------------------------result_end-----------------------
2020-03-20 02:48:33
{
  "domain_name": [
    "CN99.COM",
    "cn99.com"
  ],
  "registrar": "Alibaba Cloud Computing (Beijing) Co., Ltd.",
  "whois_server": "grs-whois.hichina.com",
  "referral_url": null,
  "updated_date": "2019-10-19 02:48:31",
  "creation_date": "1999-11-23 08:08:30",
  "expiration_date": "2020-11-23 08:08:30",
  "name_servers": [
    "NS1.PUBYUN.COM",
    "NS2.PUBYUN.COM"
  ],
  "status": "ok https://icann.org/epp#ok",
  "emails": "DomainAbuse@service.aliyun.com",
  "dnssec": "unsigned",
  "name": null,
  "org": null,
  "address": null,
  "city": null,
  "state": "JiangSu",
  "zipcode": null,
  "country": "CN"
}-----------------------------------result_end-----------------------
2020-03-20 02:48:34
{
  "domain_name": "TWAREN.NET",
  "registrar": "Network Solutions, LLC",
  "whois_server": "whois.networksolutions.com",
  "referral_url": null,
  "updated_date": [
    "2018-11-23 19:58:07",
    "2018-01-19 04:19:09"
  ],
  "creation_date": "2003-01-03 08:58:27",
  "expiration_date": "2022-01-03 08:58:27",
  "name_servers": [
    "NSHC.TWAREN.NET",
    "NSTT.TWAREN.NET"
  ],
  "status": "clientTransferProhibited https://icann.org/epp#clientTransferProhibited",
  "emails": [
    "abuse@web.com",
    "0303118@narlabs.org.tw",
    "n00hmt00@nchc.narl.org.tw"
  ],
  "dnssec": [
    "signedDelegation",
    "47119"
  ],
  "name": "NATIONAL CENTER FOR, HIGH-PERFORMANCE COMPUTING",
  "org": "NATIONAL CENTER FOR HIGH-PERFORMANCE COMPUTING",
  "address": "No.7 R&D Rd. VI Science Park.",
  "city": "Hsinchu",
  "state": "Taiwan",
  "zipcode": "300",
  "country": "TW"
}-----------------------------------result_end-----------------------
2020-03-20 02:48:34
{
  "domain_name": null,
  "registrar": null,
  "whois_server": null,
  "referral_url": null,
  "updated_date": null,
  "creation_date": null,
  "expiration_date": null,
  "name_servers": null,
  "status": null,
  "emails": null,
  "dnssec": null,
  "name": null,
  "org": null,
  "address": null,
  "city": null,
  "state": null,
  "zipcode": null,
  "country": null
}-----------------------------------result_end-----------------------
2020-03-20 02:48:34
{
  "domain_name": "edu.tw",
  "creation_date": null,
  "expiration_date": null,
  "name_servers": null,
  "registrar": null,
  "registrar_url": null,
  "registrant": null,
  "registrant_organization": null,
  "registrant_city": null,
  "registrant_street": null,
  "registrant_state_province": null,
  "registrant_country": null,
  "registrant_phone": null,
  "registrant_fax": null,
  "registrant_email": null,
  "admin": null,
  "admin_email": null,
  "admin_phone": null,
  "admin_fax": null,
  "tech": null,
  "tech_email": null,
  "tech_phone": null,
  "tech_fax": null
}-----------------------------------result_end-----------------------
2020-03-20 02:48:35
{
  "domain_name": "edu.tw",
  "creation_date": null,
  "expiration_date": null,
  "name_servers": null,
  "registrar": null,
  "registrar_url": null,
  "registrant": null,
  "registrant_organization": null,
  "registrant_city": null,
  "registrant_street": null,
  "registrant_state_province": null,
  "registrant_country": null,
  "registrant_phone": null,
  "registrant_fax": null,
  "registrant_email": null,
  "admin": null,
  "admin_email": null,
  "admin_phone": null,
  "admin_fax": null,
  "tech": null,
  "tech_email": null,
  "tech_phone": null,
  "tech_fax": null
}-----------------------------------result_end-----------------------
2020-03-20 02:48:35
{
  "domain_name": "edu.tw",
  "creation_date": null,
  "expiration_date": null,
  "name_servers": null,
  "registrar": null,
  "registrar_url": null,
  "registrant": null,
  "registrant_organization": null,
  "registrant_city": null,
  "registrant_street": null,
  "registrant_state_province": null,
  "registrant_country": null,
  "registrant_phone": null,
  "registrant_fax": null,
  "registrant_email": null,
  "admin": null,
  "admin_email": null,
  "admin_phone": null,
  "admin_fax": null,
  "tech": null,
  "tech_email": null,
  "tech_phone": null,
  "tech_fax": null
}-----------------------------------result_end-----------------------
2020-03-20 02:49:05
{
  "domain_name": null,
  "registrar": null,
  "creation_date": null,
  "expiration_date": null,
  "name_servers": null,
  "status": null,
  "emails": null,
  "dnssec": null,
  "name": null
}
-----------------------------------result_end-----------------------
2020-03-20 02:49:05
{
  "domain_name": null,
  "registrar": null,
  "creation_date": null,
  "expiration_date": null,
  "name_servers": null,
  "status": null,
  "emails": null,
  "dnssec": null,
  "name": null
}
-----------------------------------result_end-----------------------
2020-03-20 02:49:07
{
  "domain_name": [
    "CN99.COM",
    "cn99.com"
  ],
  "registrar": "Alibaba Cloud Computing (Beijing) Co., Ltd.",
  "whois_server": "grs-whois.hichina.com",
  "referral_url": null,
  "updated_date": "2019-10-19 02:48:31",
  "creation_date": "1999-11-23 08:08:30",
  "expiration_date": "2020-11-23 08:08:30",
  "name_servers": [
    "NS1.PUBYUN.COM",
    "NS2.PUBYUN.COM"
  ],
  "status": "ok https://icann.org/epp#ok",
  "emails": "DomainAbuse@service.aliyun.com",
  "dnssec": "unsigned",
  "name": null,
  "org": null,
  "address": null,
  "city": null,
  "state": "JiangSu",
  "zipcode": null,
  "country": "CN"
}
-----------------------------------result_end-----------------------
2020-03-20 02:49:11
{
  "domain_name": "TWAREN.NET",
  "registrar": "Network Solutions, LLC",
  "whois_server": "whois.networksolutions.com",
  "referral_url": null,
  "updated_date": [
    "2018-11-23 19:58:07",
    "2018-01-19 04:19:09"
  ],
  "creation_date": "2003-01-03 08:58:27",
  "expiration_date": "2022-01-03 08:58:27",
  "name_servers": [
    "NSHC.TWAREN.NET",
    "NSTT.TWAREN.NET"
  ],
  "status": "clientTransferProhibited https://icann.org/epp#clientTransferProhibited",
  "emails": [
    "abuse@web.com",
    "0303118@narlabs.org.tw",
    "n00hmt00@nchc.narl.org.tw"
  ],
  "dnssec": [
    "signedDelegation",
    "47119"
  ],
  "name": "NATIONAL CENTER FOR, HIGH-PERFORMANCE COMPUTING",
  "org": "NATIONAL CENTER FOR HIGH-PERFORMANCE COMPUTING",
  "address": "No.7 R&D Rd. VI Science Park.",
  "city": "Hsinchu",
  "state": "Taiwan",
  "zipcode": "300",
  "country": "TW"
}
-----------------------------------result_end-----------------------
2020-03-20 02:49:11
{
  "domain_name": null,
  "registrar": null,
  "whois_server": null,
  "referral_url": null,
  "updated_date": null,
  "creation_date": null,
  "expiration_date": null,
  "name_servers": null,
  "status": null,
  "emails": null,
  "dnssec": null,
  "name": null,
  "org": null,
  "address": null,
  "city": null,
  "state": null,
  "zipcode": null,
  "country": null
}
-----------------------------------result_end-----------------------
2020-03-20 02:49:12
{
  "domain_name": "edu.tw",
  "creation_date": null,
  "expiration_date": null,
  "name_servers": null,
  "registrar": null,
  "registrar_url": null,
  "registrant": null,
  "registrant_organization": null,
  "registrant_city": null,
  "registrant_street": null,
  "registrant_state_province": null,
  "registrant_country": null,
  "registrant_phone": null,
  "registrant_fax": null,
  "registrant_email": null,
  "admin": null,
  "admin_email": null,
  "admin_phone": null,
  "admin_fax": null,
  "tech": null,
  "tech_email": null,
  "tech_phone": null,
  "tech_fax": null
}
-----------------------------------result_end-----------------------
2020-03-20 02:49:12
{
  "domain_name": "edu.tw",
  "creation_date": null,
  "expiration_date": null,
  "name_servers": null,
  "registrar": null,
  "registrar_url": null,
  "registrant": null,
  "registrant_organization": null,
  "registrant_city": null,
  "registrant_street": null,
  "registrant_state_province": null,
  "registrant_country": null,
  "registrant_phone": null,
  "registrant_fax": null,
  "registrant_email": null,
  "admin": null,
  "admin_email": null,
  "admin_phone": null,
  "admin_fax": null,
  "tech": null,
  "tech_email": null,
  "tech_phone": null,
  "tech_fax": null
}
-----------------------------------result_end-----------------------
2020-03-20 02:49:12
{
  "domain_name": "edu.tw",
  "creation_date": null,
  "expiration_date": null,
  "name_servers": null,
  "registrar": null,
  "registrar_url": null,
  "registrant": null,
  "registrant_organization": null,
  "registrant_city": null,
  "registrant_street": null,
  "registrant_state_province": null,
  "registrant_country": null,
  "registrant_phone": null,
  "registrant_fax": null,
  "registrant_email": null,
  "admin": null,
  "admin_email": null,
  "admin_phone": null,
  "admin_fax": null,
  "tech": null,
  "tech_email": null,
  "tech_phone": null,
  "tech_fax": null
}
-----------------------------------result_end-----------------------
2020-03-20 02:52:30
{
  "domain_name": null,
  "registrar": null,
  "creation_date": null,
  "expiration_date": null,
  "name_servers": null,
  "status": null,
  "emails": null,
  "dnssec": null,
  "name": null
}
-----------------------------------result_end-----------------------
2020-03-20 02:52:30
{
  "domain_name": null,
  "registrar": null,
  "creation_date": null,
  "expiration_date": null,
  "name_servers": null,
  "status": null,
  "emails": null,
  "dnssec": null,
  "name": null
}
-----------------------------------result_end-----------------------
2020-03-20 02:52:31
{
  "domain_name": [
    "CN99.COM",
    "cn99.com"
  ],
  "registrar": "Alibaba Cloud Computing (Beijing) Co., Ltd.",
  "whois_server": "grs-whois.hichina.com",
  "referral_url": null,
  "updated_date": "2019-10-19 02:48:31",
  "creation_date": "1999-11-23 08:08:30",
  "expiration_date": "2020-11-23 08:08:30",
  "name_servers": [
    "NS1.PUBYUN.COM",
    "NS2.PUBYUN.COM"
  ],
  "status": "ok https://icann.org/epp#ok",
  "emails": "DomainAbuse@service.aliyun.com",
  "dnssec": "unsigned",
  "name": null,
  "org": null,
  "address": null,
  "city": null,
  "state": "JiangSu",
  "zipcode": null,
  "country": "CN"
}
-----------------------------------result_end-----------------------
2020-03-20 02:52:32
{
  "domain_name": "TWAREN.NET",
  "registrar": "Network Solutions, LLC",
  "whois_server": "whois.networksolutions.com",
  "referral_url": null,
  "updated_date": [
    "2018-11-23 19:58:07",
    "2018-01-19 04:19:09"
  ],
  "creation_date": "2003-01-03 08:58:27",
  "expiration_date": "2022-01-03 08:58:27",
  "name_servers": [
    "NSHC.TWAREN.NET",
    "NSTT.TWAREN.NET"
  ],
  "status": "clientTransferProhibited https://icann.org/epp#clientTransferProhibited",
  "emails": [
    "abuse@web.com",
    "0303118@narlabs.org.tw",
    "n00hmt00@nchc.narl.org.tw"
  ],
  "dnssec": [
    "signedDelegation",
    "47119"
  ],
  "name": "NATIONAL CENTER FOR, HIGH-PERFORMANCE COMPUTING",
  "org": "NATIONAL CENTER FOR HIGH-PERFORMANCE COMPUTING",
  "address": "No.7 R&D Rd. VI Science Park.",
  "city": "Hsinchu",
  "state": "Taiwan",
  "zipcode": "300",
  "country": "TW"
}
-----------------------------------result_end-----------------------
2020-03-20 02:52:32
{
  "domain_name": null,
  "registrar": null,
  "whois_server": null,
  "referral_url": null,
  "updated_date": null,
  "creation_date": null,
  "expiration_date": null,
  "name_servers": null,
  "status": null,
  "emails": null,
  "dnssec": null,
  "name": null,
  "org": null,
  "address": null,
  "city": null,
  "state": null,
  "zipcode": null,
  "country": null
}
-----------------------------------result_end-----------------------
2020-03-20 02:52:33
{
  "domain_name": "edu.tw",
  "creation_date": null,
  "expiration_date": null,
  "name_servers": null,
  "registrar": null,
  "registrar_url": null,
  "registrant": null,
  "registrant_organization": null,
  "registrant_city": null,
  "registrant_street": null,
  "registrant_state_province": null,
  "registrant_country": null,
  "registrant_phone": null,
  "registrant_fax": null,
  "registrant_email": null,
  "admin": null,
  "admin_email": null,
  "admin_phone": null,
  "admin_fax": null,
  "tech": null,
  "tech_email": null,
  "tech_phone": null,
  "tech_fax": null
}
-----------------------------------result_end-----------------------
2020-03-20 02:52:33
{
  "domain_name": "edu.tw",
  "creation_date": null,
  "expiration_date": null,
  "name_servers": null,
  "registrar": null,
  "registrar_url": null,
  "registrant": null,
  "registrant_organization": null,
  "registrant_city": null,
  "registrant_street": null,
  "registrant_state_province": null,
  "registrant_country": null,
  "registrant_phone": null,
  "registrant_fax": null,
  "registrant_email": null,
  "admin": null,
  "admin_email": null,
  "admin_phone": null,
  "admin_fax": null,
  "tech": null,
  "tech_email": null,
  "tech_phone": null,
  "tech_fax": null
}
-----------------------------------result_end-----------------------
2020-03-20 02:52:33
{
  "domain_name": "edu.tw",
  "creation_date": null,
  "expiration_date": null,
  "name_servers": null,
  "registrar": null,
  "registrar_url": null,
  "registrant": null,
  "registrant_organization": null,
  "registrant_city": null,
  "registrant_street": null,
  "registrant_state_province": null,
  "registrant_country": null,
  "registrant_phone": null,
  "registrant_fax": null,
  "registrant_email": null,
  "admin": null,
  "admin_email": null,
  "admin_phone": null,
  "admin_fax": null,
  "tech": null,
  "tech_email": null,
  "tech_phone": null,
  "tech_fax": null
}
-----------------------------------result_end-----------------------
2020-03-20 02:53:11
{
  "domain_name": null,
  "registrar": null,
  "creation_date": null,
  "expiration_date": null,
  "name_servers": null,
  "status": null,
  "emails": null,
  "dnssec": null,
  "name": null
}
-----------------------------------result_end-----------------------
2020-03-20 02:53:11
{
  "domain_name": null,
  "registrar": null,
  "creation_date": null,
  "expiration_date": null,
  "name_servers": null,
  "status": null,
  "emails": null,
  "dnssec": null,
  "name": null
}
-----------------------------------result_end-----------------------
2020-03-20 02:53:12
{
  "domain_name": [
    "CN99.COM",
    "cn99.com"
  ],
  "registrar": "Alibaba Cloud Computing (Beijing) Co., Ltd.",
  "whois_server": "grs-whois.hichina.com",
  "referral_url": null,
  "updated_date": "2019-10-19 02:48:31",
  "creation_date": "1999-11-23 08:08:30",
  "expiration_date": "2020-11-23 08:08:30",
  "name_servers": [
    "NS1.PUBYUN.COM",
    "NS2.PUBYUN.COM"
  ],
  "status": "ok https://icann.org/epp#ok",
  "emails": "DomainAbuse@service.aliyun.com",
  "dnssec": "unsigned",
  "name": null,
  "org": null,
  "address": null,
  "city": null,
  "state": "JiangSu",
  "zipcode": null,
  "country": "CN"
}
-----------------------------------result_end-----------------------
2020-03-20 02:53:14
{
  "domain_name": "TWAREN.NET",
  "registrar": "Network Solutions, LLC",
  "whois_server": "whois.networksolutions.com",
  "referral_url": null,
  "updated_date": [
    "2018-11-23 19:58:07",
    "2018-01-19 04:19:09"
  ],
  "creation_date": "2003-01-03 08:58:27",
  "expiration_date": "2022-01-03 08:58:27",
  "name_servers": [
    "NSHC.TWAREN.NET",
    "NSTT.TWAREN.NET"
  ],
  "status": "clientTransferProhibited https://icann.org/epp#clientTransferProhibited",
  "emails": [
    "abuse@web.com",
    "0303118@narlabs.org.tw",
    "n00hmt00@nchc.narl.org.tw"
  ],
  "dnssec": [
    "signedDelegation",
    "47119"
  ],
  "name": "NATIONAL CENTER FOR, HIGH-PERFORMANCE COMPUTING",
  "org": "NATIONAL CENTER FOR HIGH-PERFORMANCE COMPUTING",
  "address": "No.7 R&D Rd. VI Science Park.",
  "city": "Hsinchu",
  "state": "Taiwan",
  "zipcode": "300",
  "country": "TW"
}
-----------------------------------result_end-----------------------
2020-03-20 02:53:14
{
  "domain_name": null,
  "registrar": null,
  "whois_server": null,
  "referral_url": null,
  "updated_date": null,
  "creation_date": null,
  "expiration_date": null,
  "name_servers": null,
  "status": null,
  "emails": null,
  "dnssec": null,
  "name": null,
  "org": null,
  "address": null,
  "city": null,
  "state": null,
  "zipcode": null,
  "country": null
}
-----------------------------------result_end-----------------------
2020-03-20 02:53:14
{
  "domain_name": "edu.tw",
  "creation_date": null,
  "expiration_date": null,
  "name_servers": null,
  "registrar": null,
  "registrar_url": null,
  "registrant": null,
  "registrant_organization": null,
  "registrant_city": null,
  "registrant_street": null,
  "registrant_state_province": null,
  "registrant_country": null,
  "registrant_phone": null,
  "registrant_fax": null,
  "registrant_email": null,
  "admin": null,
  "admin_email": null,
  "admin_phone": null,
  "admin_fax": null,
  "tech": null,
  "tech_email": null,
  "tech_phone": null,
  "tech_fax": null
}
-----------------------------------result_end-----------------------
2020-03-20 02:53:14
{
  "domain_name": "edu.tw",
  "creation_date": null,
  "expiration_date": null,
  "name_servers": null,
  "registrar": null,
  "registrar_url": null,
  "registrant": null,
  "registrant_organization": null,
  "registrant_city": null,
  "registrant_street": null,
  "registrant_state_province": null,
  "registrant_country": null,
  "registrant_phone": null,
  "registrant_fax": null,
  "registrant_email": null,
  "admin": null,
  "admin_email": null,
  "admin_phone": null,
  "admin_fax": null,
  "tech": null,
  "tech_email": null,
  "tech_phone": null,
  "tech_fax": null
}
-----------------------------------result_end-----------------------
2020-03-20 02:53:14
{
  "domain_name": "edu.tw",
  "creation_date": null,
  "expiration_date": null,
  "name_servers": null,
  "registrar": null,
  "registrar_url": null,
  "registrant": null,
  "registrant_organization": null,
  "registrant_city": null,
  "registrant_street": null,
  "registrant_state_province": null,
  "registrant_country": null,
  "registrant_phone": null,
  "registrant_fax": null,
  "registrant_email": null,
  "admin": null,
  "admin_email": null,
  "admin_phone": null,
  "admin_fax": null,
  "tech": null,
  "tech_email": null,
  "tech_phone": null,
  "tech_fax": null
}
-----------------------------------result_end-----------------------
