<?xml version="1.0" encoding="gb2312"?>
<property>
<returncode>200</returncode>
<key>doucube.com</key>
<original>211 : Domain name is not available</original>
</property>
<?xml version="1.0" encoding="gb2312"?>
<property>
<returncode>200</returncode>
<key>doucube.com</key>
<original>211 : Domain name is not available</original>
</property>
<?xml version="1.0" encoding="gb2312"?>
<property>
<returncode>200</returncode>
<key>doucube.com</key>
<original>211 : Domain name is not available</original>
</property>
<?xml version="1.0" encoding="gb2312"?>
<property>
<returncode>200</returncode>
<key>doucube.com</key>
<original>211 : Domain name is not available</original>
</property>
